<?xml version="1.0" encoding="UTF-8"?>
<!-- Generated by org.testng.reporters.JUnitXMLReporter -->
<testsuite hostname="LAPTOP-Q98OKOC0" ignored="0" name="Default test" tests="3" failures="0" timestamp="2023-11-14T21:13:38 IST" time="0.045" errors="0">
  <testcase name="SmapleTest1" time="0.006" classname="SampleProject.Sample.BasicSample"/>
  <testcase name="SmapleTest2" time="0.001" classname="SampleProject.Sample.BasicSample"/>
  <testcase name="SmapleTest3" time="0.001" classname="SampleProject.Sample.BasicSample"/>
</testsuite> <!-- Default test -->
