<?xml version="1.0" encoding="UTF-8"?>
<!-- Generated by org.testng.reporters.JUnitXMLReporter -->
<testsuite hostname="LAPTOP-Q98OKOC0" ignored="0" name="Test" tests="3" failures="0" timestamp="2023-11-14T21:31:10 IST" time="0.043" errors="0">
  <testcase name="SmapleTest1" time="0.006" classname="SampleProject.Sample.BasicSample"/>
  <testcase name="SmapleTest2" time="0.0" classname="SampleProject.Sample.BasicSample"/>
  <testcase name="SmapleTest3" time="0.001" classname="SampleProject.Sample.BasicSample"/>
</testsuite> <!-- Test -->
