<?xml version="1.0" encoding="UTF-8"?>
<!-- Generated by org.testng.reporters.JUnitXMLReporter -->
<testsuite ignored="0" hostname="LAPTOP-Q98OKOC0" failures="0" tests="3" name="Test" time="0.07" errors="0" timestamp="2023-11-15T07:13:12 IST">
  <testcase classname="SampleProject.Sample.BasicSample" name="SmapleTest1" time="0.01"/>
  <testcase classname="SampleProject.Sample.BasicSample" name="SmapleTest2" time="0.0"/>
  <testcase classname="SampleProject.Sample.BasicSample" name="SmapleTest3" time="0.0"/>
</testsuite> <!-- Test -->
