<?xml version="1.0" encoding="UTF-8"?>
<testng-results ignored="0" total="3" passed="3" failed="0" skipped="0">
  <reporter-output>
  </reporter-output>
  <suite started-at="2023-11-15T07:13:12 IST" name="Suite" finished-at="2023-11-15T07:13:12 IST" duration-ms="70">
    <groups>
    </groups>
    <test started-at="2023-11-15T07:13:12 IST" name="Test" finished-at="2023-11-15T07:13:12 IST" duration-ms="70">
      <class name="SampleProject.Sample.BasicSample">
        <test-method signature="SmapleTest1()[pri:0, instance:SampleProject.Sample.BasicSample@156b88f5]" started-at="2023-11-15T07:13:12 IST" name="SmapleTest1" finished-at="2023-11-15T07:13:12 IST" duration-ms="10" status="PASS">
          <reporter-output>
          </reporter-output>
        </test-method> <!-- SmapleTest1 -->
        <test-method signature="SmapleTest2()[pri:0, instance:SampleProject.Sample.BasicSample@156b88f5]" started-at="2023-11-15T07:13:12 IST" name="SmapleTest2" finished-at="2023-11-15T07:13:12 IST" duration-ms="0" status="PASS">
          <reporter-output>
          </reporter-output>
        </test-method> <!-- SmapleTest2 -->
        <test-method signature="SmapleTest3()[pri:0, instance:SampleProject.Sample.BasicSample@156b88f5]" started-at="2023-11-15T07:13:12 IST" name="SmapleTest3" finished-at="2023-11-15T07:13:12 IST" duration-ms="0" status="PASS">
          <reporter-output>
          </reporter-output>
        </test-method> <!-- SmapleTest3 -->
      </class> <!-- SampleProject.Sample.BasicSample -->
    </test> <!-- Test -->
  </suite> <!-- Suite -->
</testng-results>
